C51 COMPILER V9.53.0.0   INIT_DEVICE                                                       01/31/2016 00:06:37 PAGE 1   


C51 COMPILER V9.53.0.0, COMPILATION OF MODULE INIT_DEVICE
OBJECT MODULE PLACED IN .\src\init_device.OBJ
COMPILER INVOKED BY: f:\SiliconLabs\SimplicityStudio\v3\developer\toolchains\keil_8051\9.53\BIN\C51.exe F:\Projects\H3_F
                    -irmware\src\init_device.c OMF2 SMALL DEBUG OBJECTEXTEND ROM(LARGE) WARNINGLEVEL(2) FLOATFUZZY(3) OPTIMIZE(8,SPEED) DEFIN
                    -E(DEBUG=1) INTVECTOR(0X0000) INTPROMOTE INCDIR(F:\Projects\H3_Firmware\inc;F:\Projects\H3_Firmware\inc\config;F:/Silicon
                    -Labs/SimplicityStudio/v3/developer/sdks/si8051/v3//Device/C8051F326/peripheral_driver/inc;F:/SiliconLabs/SimplicityStudi
                    -o/v3/developer/sdks/si8051/v3//Lib/efm8_usb/inc;F:/SiliconLabs/SimplicityStudio/v3/developer/sdks/si8051/v3//Lib/efm8_as
                    -sert;F:/SiliconLabs/SimplicityStudio/v3/developer/sdks/si8051/v3//Device/shared/si8051Base;F:/SiliconLabs/SimplicityStud
                    -io/v3/developer/sdks/si8051/v3//Device/C8051F326;F:/SiliconLabs/SimplicityStudio/v3/developer/sdks/si8051/v3//Device/C80
                    -51F326/inc) PRINT(.\src\init_device.lst) COND PAGEWIDTH(120) PAGELENGTH(65) OBJECT(.\src\init_device.OBJ)

line level    source

   1          /////////////////////////////////////
   2          //  Generated Initialization File  //
   3          /////////////////////////////////////
   4          
   5          #include "compiler_defs.h"
   6          //#include "C8051F326_defs.h"
   7          #include "C8051F326.h"
   8          
   9          // Peripheral specific initialization functions,
  10          // Called from the Init_Device() function
  11          void Port_IO_Init()
  12          {
  13   1          P2MDOUT   = 0x00;
  14   1      }
  15          
  16          void Oscillator_Init()
  17          {
  18   1          int i = 0;
  19   1          CLKMUL    = 0x80;
  20   1          for (i = 0; i < 20; i++);    // Wait 5us for initialization
  21   1          CLKMUL    |= 0xC0;
  22   1          while ((CLKMUL & 0x20) == 0);
  23   1          CLKSEL    = 0x02;
  24   1      }
  25          
  26          // Initialization function for device,
  27          // Call Init_Device() from your main program
  28          void Init_Device(void)
  29          {
  30   1          Port_IO_Init();
  31   1          Oscillator_Init();
  32   1      }


MODULE INFORMATION:   STATIC OVERLAYABLE
   CODE SIZE        =     39    ----
   CONSTANT SIZE    =   ----    ----
   XDATA SIZE       =   ----    ----
   PDATA SIZE       =   ----    ----
   DATA SIZE        =   ----    ----
   IDATA SIZE       =   ----    ----
   BIT SIZE         =   ----    ----
   EDATA SIZE       =   ----    ----
   HDATA SIZE       =   ----    ----
   XDATA CONST SIZE =   ----    ----
   FAR CONST SIZE   =   ----    ----
END OF MODULE INFORMATION.


C51 COMPILATION COMPLETE.  0 WARNING(S),  0 ERROR(S)
