C51 COMPILER V9.53.0.0   ASSERT                                                            01/23/2016 15:52:27 PAGE 1   


C51 COMPILER V9.53.0.0, COMPILATION OF MODULE ASSERT
OBJECT MODULE PLACED IN .\lib\efm8_assert\assert.OBJ
COMPILER INVOKED BY: f:\SiliconLabs\SimplicityStudio\v3\developer\toolchains\keil_8051\9.53\BIN\C51.exe F:\SiliconLabs\S
                    -implicityStudio\v3\developer\sdks\si8051\v3\Lib\efm8_assert\assert.c SMALL DEBUG OBJECTEXTEND ROM(LARGE) WARNINGLEVEL(2)
                    - FLOATFUZZY(3) OPTIMIZE(8,SPEED) DEFINE(DEBUG=1) INTVECTOR(0X0000) INTPROMOTE INCDIR(F:\Projects\H3_Firmware\inc;F:\Proj
                    -ects\H3_Firmware\inc\config;F:/SiliconLabs/SimplicityStudio/v3/developer/sdks/si8051/v3//Device/C8051F326/peripheral_dri
                    -ver/inc;F:/SiliconLabs/SimplicityStudio/v3/developer/sdks/si8051/v3//Lib/efm8_usb/inc;F:/SiliconLabs/SimplicityStudio/v3
                    -/developer/sdks/si8051/v3//Lib/efm8_assert;F:/SiliconLabs/SimplicityStudio/v3/developer/sdks/si8051/v3//Device/shared/si
                    -8051Base;F:/SiliconLabs/SimplicityStudio/v3/developer/sdks/si8051/v3//Device/C8051F326;F:/SiliconLabs/SimplicityStudio/v
                    -3/developer/sdks/si8051/v3//Device/C8051F326/inc) PRINT(.\lib\efm8_assert\assert.lst) COND PAGEWIDTH(120) PAGELENGTH(65)
                    - OBJECT(.\lib\efm8_assert\assert.OBJ)

line level    source

   1          /**************************************************************************//**
   2           * Copyright (c) 2015 by Silicon Laboratories Inc. All rights reserved.
   3           *
   4           * http://developer.silabs.com/legal/version/v11/Silicon_Labs_Software_License_Agreement.txt
   5           *****************************************************************************/
   6          
   7          #ifndef NDEBUG
   8          void slab_Assert( const char * file, int line )
   9          {
  10   1        file = file;
  11   1        line = line;
  12   1      
  13   1        while ( 1 );
  14   1      }
  15          #endif


MODULE INFORMATION:   STATIC OVERLAYABLE
   CODE SIZE        =      2    ----
   CONSTANT SIZE    =   ----    ----
   XDATA SIZE       =   ----    ----
   PDATA SIZE       =   ----    ----
   DATA SIZE        =   ----    ----
   IDATA SIZE       =   ----    ----
   BIT SIZE         =   ----    ----
END OF MODULE INFORMATION.


C51 COMPILATION COMPLETE.  0 WARNING(S),  0 ERROR(S)
